\BOOKMARK [0][-]{chapter*.1}{\376\377\000D\000\351\000d\000i\000c\000a\000c\000e}{}% 1
\BOOKMARK [0][-]{chapter*.2}{\376\377\000R\000e\000m\000e\000r\000c\000i\000e\000m\000e\000n\000t\000s}{}% 2
\BOOKMARK [0][-]{chapter*.3}{\376\377\000R\000\351\000s\000u\000m\000\351}{}% 3
\BOOKMARK [0][-]{chapter*.4}{\376\377\000A\000b\000s\000t\000r\000a\000c\000t}{}% 4
\BOOKMARK [0][-]{chapter*.5}{\376\377\000L\000i\000s\000t\000e\000\040\000d\000e\000s\000\040\000a\000b\000r\000\351\000v\000i\000a\000t\000i\000o\000n\000s}{}% 5
\BOOKMARK [0][-]{table.0.1}{\376\377\000T\000a\000b\000l\000e\000\040\000d\000e\000s\000\040\000f\000i\000g\000u\000r\000e\000s}{}% 6
\BOOKMARK [0][-]{chapter*.6}{\376\377\000L\000i\000s\000t\000e\000\040\000d\000e\000s\000\040\000t\000a\000b\000l\000e\000a\000u\000x}{}% 7
\BOOKMARK [0][-]{chapter*.9}{\376\377\000I\000n\000t\000r\000o\000d\000u\000c\000t\000i\000o\000n}{}% 8
\BOOKMARK [0][-]{chapter.1}{\376\377\000C\000o\000n\000t\000e\000x\000t\000e\000\040\000g\000\351\000n\000\351\000r\000a\000l\000\040\000d\000u\000\040\000p\000r\000o\000j\000e\000t}{}% 9
\BOOKMARK [1][-]{section.1.1}{\376\377\000D\000e\000s\000c\000r\000i\000p\000t\000i\000o\000n\000\040\000d\000e\000s\000\040\000b\000e\000s\000o\000i\000n\000s}{chapter.1}% 10
\BOOKMARK [2][-]{subsection.1.1.1}{\376\377\000G\000e\000s\000t\000i\000o\000n\000\040\000c\000o\000l\000l\000a\000b\000o\000r\000a\000t\000i\000v\000e\000\040\000d\000e\000\040\000p\000r\000o\000j\000e\000t\000s}{section.1.1}% 11
\BOOKMARK [2][-]{subsection.1.1.2}{\376\377\000V\000a\000l\000o\000r\000i\000s\000a\000t\000i\000o\000n\000\040\000d\000e\000\040\000l\000'\000i\000d\000e\000n\000t\000i\000t\000\351\000\040\000p\000r\000o\000f\000e\000s\000s\000i\000o\000n\000n\000e\000l\000l\000e}{section.1.1}% 12
\BOOKMARK [2][-]{subsection.1.1.3}{\376\377\000P\000e\000r\000f\000e\000c\000t\000i\000o\000n\000n\000e\000m\000e\000n\000t\000\040\000t\000e\000c\000h\000n\000i\000q\000u\000e\000\040\000e\000t\000\040\000a\000l\000g\000o\000r\000i\000t\000h\000m\000i\000q\000u\000e}{section.1.1}% 13
\BOOKMARK [2][-]{subsection.1.1.4}{\376\377\000P\000r\000\351\000p\000a\000r\000a\000t\000i\000o\000n\000\040\000a\000u\000x\000\040\000e\000n\000t\000r\000e\000t\000i\000e\000n\000s}{section.1.1}% 14
\BOOKMARK [1][-]{section.1.2}{\376\377\000L\000e\000s\000\040\000b\000e\000s\000o\000i\000n\000s\000\040\000f\000o\000n\000c\000t\000i\000o\000n\000n\000e\000l\000s}{chapter.1}% 15
\BOOKMARK [1][-]{section.1.3}{\376\377\000L\000e\000s\000\040\000b\000e\000s\000o\000i\000n\000s\000\040\000n\000o\000n\000\040\000f\000o\000n\000c\000t\000i\000o\000n\000n\000e\000l\000s}{chapter.1}% 16
\BOOKMARK [1][-]{section.1.4}{\376\377\000D\000\351\000f\000i\000n\000i\000t\000i\000o\000n\000s\000\040\000g\000\351\000n\000\351\000r\000a\000l\000e\000s}{chapter.1}% 17
\BOOKMARK [2][-]{subsection.1.4.1}{\376\377\000U\000M\000L}{section.1.4}% 18
\BOOKMARK [2][-]{subsection.1.4.2}{\376\377\000L\000e\000s\000\040\000D\000i\000a\000g\000r\000a\000m\000m\000e\000s\000\040\000u\000t\000i\000l\000i\000s\000\351\000s}{section.1.4}% 19
\BOOKMARK [0][-]{chapter.2}{\376\377\000M\000i\000c\000r\000o\000s\000e\000r\000v\000i\000c\000e\000s}{}% 20
\BOOKMARK [1][-]{section.2.1}{\376\377\000P\000r\000o\000j\000e\000c\000t\000\040\000M\000a\000n\000a\000g\000e\000m\000e\000n\000t\000\040\000A\000p\000p}{chapter.2}% 21
\BOOKMARK [2][-]{subsection.2.1.1}{\376\377\000D\000e\000s\000c\000r\000i\000p\000t\000i\000o\000n\000\040\000d\000e\000s\000\040\000b\000e\000s\000o\000i\000n\000s\000\040\000f\000o\000n\000c\000t\000i\000o\000n\000n\000e\000l\000s}{section.2.1}% 22
\BOOKMARK [2][-]{subsection.2.1.2}{\376\377\000A\000n\000a\000l\000y\000s\000e\000\040\000e\000t\000\040\000m\000o\000d\000\351\000l\000i\000s\000a\000t\000i\000o\000n}{section.2.1}% 23
\BOOKMARK [2][-]{subsection.2.1.3}{\376\377\000E\000n\000v\000i\000r\000o\000n\000n\000e\000m\000e\000n\000t\000\040\000t\000e\000c\000h\000n\000o\000l\000o\000g\000i\000q\000u\000e}{section.2.1}% 24
\BOOKMARK [2][-]{subsection.2.1.4}{\376\377\000C\000a\000p\000t\000u\000r\000e\000s\000\040\000d\000'\000\351\000c\000r\000a\000n}{section.2.1}% 25
\BOOKMARK [1][-]{section.2.2}{\376\377\000C\000V\000\040\000B\000u\000i\000l\000d\000e\000r\000\040\000A\000p\000p}{chapter.2}% 26
\BOOKMARK [2][-]{subsection.2.2.1}{\376\377\000D\000e\000s\000c\000r\000i\000p\000t\000i\000o\000n\000\040\000d\000e\000s\000\040\000b\000e\000s\000o\000i\000n\000s\000\040\000f\000o\000n\000c\000t\000i\000o\000n\000n\000e\000l\000s}{section.2.2}% 27
\BOOKMARK [2][-]{subsection.2.2.2}{\376\377\000A\000n\000a\000l\000y\000s\000e\000\040\000e\000t\000\040\000m\000o\000d\000\351\000l\000i\000s\000a\000t\000i\000o\000n}{section.2.2}% 28
\BOOKMARK [2][-]{subsection.2.2.3}{\376\377\000E\000n\000v\000i\000r\000o\000n\000n\000e\000m\000e\000n\000t\000\040\000t\000e\000c\000h\000n\000o\000l\000o\000g\000i\000q\000u\000e}{section.2.2}% 29
\BOOKMARK [2][-]{subsection.2.2.4}{\376\377\000C\000a\000p\000t\000u\000r\000e\000s\000\040\000d\000'\000\351\000c\000r\000a\000n}{section.2.2}% 30
\BOOKMARK [1][-]{section.2.3}{\376\377\000P\000r\000o\000b\000l\000e\000m\000\040\000S\000o\000l\000v\000i\000n\000g\000\040\000A\000p\000p}{chapter.2}% 31
\BOOKMARK [2][-]{subsection.2.3.1}{\376\377\000D\000e\000s\000c\000r\000i\000p\000t\000i\000o\000n\000\040\000d\000e\000s\000\040\000b\000e\000s\000o\000i\000n\000s\000\040\000f\000o\000n\000c\000t\000i\000o\000n\000n\000e\000l\000s}{section.2.3}% 32
\BOOKMARK [2][-]{subsection.2.3.2}{\376\377\000A\000n\000a\000l\000y\000s\000e\000\040\000e\000t\000\040\000m\000o\000d\000\351\000l\000i\000s\000a\000t\000i\000o\000n}{section.2.3}% 33
\BOOKMARK [2][-]{subsection.2.3.3}{\376\377\000E\000n\000v\000i\000r\000o\000n\000n\000e\000m\000e\000n\000t\000\040\000t\000e\000c\000h\000n\000o\000l\000o\000g\000i\000q\000u\000e}{section.2.3}% 34
\BOOKMARK [2][-]{subsection.2.3.4}{\376\377\000C\000a\000p\000t\000u\000r\000e\000s\000\040\000d\000'\000\351\000c\000r\000a\000n}{section.2.3}% 35
\BOOKMARK [0][-]{chapter.3}{\376\377\000M\000\351\000t\000h\000o\000d\000o\000l\000o\000g\000i\000e\000\040\000d\000e\000\040\000g\000e\000s\000t\000i\000o\000n\000\040\000e\000t\000\040\000b\000o\000n\000n\000e\000s\000\040\000p\000r\000a\000t\000i\000q\000u\000e\000s}{}% 36
\BOOKMARK [1][-]{section.3.1}{\376\377\000M\000\351\000t\000h\000o\000d\000e\000\040\000d\000e\000\040\000g\000e\000s\000t\000i\000o\000n\000\040\000d\000e\000\040\000p\000r\000o\000j\000e\000t}{chapter.3}% 37
\BOOKMARK [2][-]{subsection.3.1.1}{\376\377\000J\000i\000r\000a\000\040\040\023\000\040\000O\000u\000t\000i\000l\000\040\000d\000e\000\040\000g\000e\000s\000t\000i\000o\000n}{section.3.1}% 38
\BOOKMARK [1][-]{section.3.2}{\376\377\000B\000o\000n\000n\000e\000s\000\040\000p\000r\000a\000t\000i\000q\000u\000e\000s\000\040\000d\000e\000\040\000d\000\351\000v\000e\000l\000o\000p\000p\000e\000m\000e\000n\000t}{chapter.3}% 39
\BOOKMARK [0][-]{chapter*.10}{\376\377\000C\000o\000n\000c\000l\000u\000s\000i\000o\000n}{}% 40
\BOOKMARK [0][-]{chapter*.11}{\376\377\000P\000e\000r\000s\000p\000e\000c\000t\000i\000v\000e\000s}{}% 41
\BOOKMARK [0][-]{chapter*.13}{\376\377\000A\000n\000n\000e\000x\000e}{}% 42
